17:42:45.790 INFO  Loading commands... 
17:42:46.503 DEBUG Skipping slash command avatar. Disabled! 
17:42:46.530 DEBUG Skipping slash command botinvite. Disabled! 
17:42:46.574 DEBUG Skipping slash command botstats. Disabled! 
17:42:46.600 DEBUG Skipping slash command channelinfo. Disabled! 
17:42:46.621 DEBUG Skipping slash command emojiinfo. Disabled! 
17:42:46.641 DEBUG Skipping slash command guildinfo. Disabled! 
17:42:46.752 DEBUG Skipping command bot. Disabled! 
17:42:46.766 DEBUG Skipping command info. Disabled! 
17:42:46.771 DEBUG Skipping slash command uptime. Disabled! 
17:42:46.785 DEBUG Skipping slash command userinfo. Disabled! 
17:42:47.015 DEBUG Skipping slash command deafen. Disabled! 
17:42:47.031 DEBUG Skipping slash command disconnect. Disabled! 
17:42:47.068 DEBUG Skipping slash command move. Disabled! 
17:42:47.095 DEBUG Skipping slash command purge. Disabled! 
17:42:47.104 DEBUG Skipping slash command purgeattach. Disabled! 
17:42:47.117 DEBUG Skipping slash command purgebots. Disabled! 
17:42:47.133 DEBUG Skipping slash command purgelinks. Disabled! 
17:42:47.145 DEBUG Skipping slash command purgetoken. Disabled! 
17:42:47.156 DEBUG Skipping slash command purgeuser. Disabled! 
17:42:47.218 DEBUG Skipping command purge. Disabled! 
17:42:47.231 DEBUG Skipping command voice. Disabled! 
17:42:47.275 DEBUG Skipping slash command undeafen. Disabled! 
17:42:47.306 DEBUG Skipping slash command vmute. Disabled! 
17:42:47.316 DEBUG Skipping slash command vunmute. Disabled! 
17:42:47.878 INFO  Loaded 89 commands 
17:42:47.878 INFO  Loaded 73 slash commands 
17:42:47.879 INFO  Loading contexts... 
17:42:47.892 INFO  Loaded 2 USER contexts 
17:42:47.892 INFO  Loaded 0 MESSAGE contexts 
17:42:47.892 INFO  Loading events... 
17:42:48.255 INFO  Loaded 22 events. Success (22) Failed (0) 
17:46:28.409 INFO  Loading commands... 
17:46:28.472 DEBUG Skipping slash command avatar. Disabled! 
17:46:28.474 DEBUG Skipping slash command botinvite. Disabled! 
17:46:28.476 DEBUG Skipping slash command botstats. Disabled! 
17:46:28.478 DEBUG Skipping slash command channelinfo. Disabled! 
17:46:28.479 DEBUG Skipping slash command emojiinfo. Disabled! 
17:46:28.482 DEBUG Skipping slash command guildinfo. Disabled! 
17:46:28.489 DEBUG Skipping command bot. Disabled! 
17:46:28.490 DEBUG Skipping command info. Disabled! 
17:46:28.490 DEBUG Skipping slash command uptime. Disabled! 
17:46:28.491 DEBUG Skipping slash command userinfo. Disabled! 
17:46:28.502 DEBUG Skipping slash command deafen. Disabled! 
17:46:28.503 DEBUG Skipping slash command disconnect. Disabled! 
17:46:28.504 DEBUG Skipping slash command move. Disabled! 
17:46:28.505 DEBUG Skipping slash command purge. Disabled! 
17:46:28.506 DEBUG Skipping slash command purgeattach. Disabled! 
17:46:28.507 DEBUG Skipping slash command purgebots. Disabled! 
17:46:28.507 DEBUG Skipping slash command purgelinks. Disabled! 
17:46:28.508 DEBUG Skipping slash command purgetoken. Disabled! 
17:46:28.508 DEBUG Skipping slash command purgeuser. Disabled! 
17:46:28.510 DEBUG Skipping command purge. Disabled! 
17:46:28.511 DEBUG Skipping command voice. Disabled! 
17:46:28.513 DEBUG Skipping slash command undeafen. Disabled! 
17:46:28.514 DEBUG Skipping slash command vmute. Disabled! 
17:46:28.515 DEBUG Skipping slash command vunmute. Disabled! 
17:46:28.545 INFO  Loaded 89 commands 
17:46:28.546 INFO  Loaded 73 slash commands 
17:46:28.546 INFO  Loading contexts... 
17:46:28.548 INFO  Loaded 2 USER contexts 
17:46:28.548 INFO  Loaded 0 MESSAGE contexts 
17:46:28.549 INFO  Loading events... 
17:46:28.587 INFO  Loaded 22 events. Success (22) Failed (0) 
17:46:29.040 INFO  VersionCheck: Your discord bot is up to date 
17:46:29.040 INFO  Validating config.js and environment variables 
17:46:29.041 INFO  Connecting to MongoDb... 
17:46:29.853 INFO  Mongoose: Database connection established 
17:46:30.962 INFO  Logged in as siderno#2195! (971143528866537554) 
17:46:30.962 INFO  Initializing music manager 
17:46:31.614 INFO  Node "vicco node server" connected 
17:46:31.644 INFO  Successfully registered slash commands 
